01:53:14.381 INFO  Loading C:\Users\v3gga\Downloads\servers\1\serverfiles\garrysmod\addons\rp_downtown_v4c_v2_leaglize_it\maps\rp_downtown_v4c_v2_leaglize_it.bsp
01:53:14.597 INFO  Using 'DStaticPropV10' for sprp version 10
01:53:14.602 WARN  Lump LUMP_CUBEMAPS is empty
01:53:14.625 WARN  Lump LUMP_CLIPPORTALVERTS is empty
01:53:14.630 WARN  Tried reading lump 'LUMP_DISP_MULTIBLEND', but it is not supported by the bsp's version
01:53:14.650 WARN  Lump LUMP_OVERLAY_SYSTEM_LEVELS is empty
01:53:14.662 INFO  BSP version: 20
01:53:14.662 INFO  Game: Garry's Mod
01:53:14.673 INFO  No areaportals to reallocate...
01:53:14.683 INFO  No occluders to reallocate...
01:53:14.694 INFO  Map comment: Decompiled by VMEX v0.98g from C:
01:53:15.039 INFO  16861 (31.1%) exact brushside->origface matches
01:53:15.039 INFO  13/48 (nondisp/disp) original faces left after exact brushside->origface matching
01:53:15.162 INFO  767 (1.4%) partial brushside->origface matches
01:53:15.164 INFO  Writing brushes and planes
01:53:15.647 INFO  Writing displacements
01:53:15.668 INFO  Writing entities
01:53:15.726 INFO  Writing func_details
01:53:15.890 INFO  Writing func_viscluster
01:53:15.895 INFO  Writing info_overlays
01:53:15.899 INFO  Writing prop_statics
01:53:15.905 INFO  Writing env_cubemaps
01:53:15.906 INFO  Writing func_ladders
01:53:15.912 INFO  Finished decompiling C:\Users\v3gga\Downloads\servers\1\serverfiles\garrysmod\addons\rp_downtown_v4c_v2_leaglize_it\maps\rp_downtown_v4c_v2_leaglize_it.bsp.
